<?xml version="1.0" encoding="UTF-8"?>
<!-- Generated by org.testng.reporters.JUnitXMLReporter -->
<testsuite ignored="0" hostname="Asus-PC" failures="1" tests="1" name="Command line test" time="0.032" errors="0" timestamp="2020-09-04T14:10:14 SAST">
  <testcase classname="iLab.iLabTest" name="@AfterTest tearDown" time="0.006">
    <failure type="java.lang.NullPointerException">
      <![CDATA[java.lang.NullPointerException
at iLab.iLabTest.tearDown(iLabTest.java:37)
... Removed 33 stack frames]]>
    </failure>
  </testcase> <!-- @AfterTest tearDown -->
  <testcase classname="iLab.iLabTest" name="testILab" time="0.0">
    <failure type="org.testng.TestNGException" message="
Parameter &amp;apos;browser&amp;apos; is required by @Test on method testILab but has not been marked @Optional or defined
">
      <![CDATA[org.testng.TestNGException: 
Parameter 'browser' is required by @Test on method testILab but has not been marked @Optional or defined

at java.base/java.util.ArrayList.forEach(ArrayList.java:1511)
... Removed 35 stack frames]]>
    </failure>
  </testcase> <!-- testILab -->
</testsuite> <!-- Command line test -->
